2021-06-02 00:31:14,287 INFO  [log] The number of rows are 5 and The number of Column is 5
2021-06-02 00:31:43,974 INFO  [log] The name is MacBook 
2021-06-02 00:31:43,975 INFO  [log] Invalid item
2021-06-02 00:31:47,930 INFO  [log] FINISHED
2021-06-02 00:31:47,930 INFO  [log] 33559
2021-06-02 00:31:47,937 INFO  [log] 5
2021-06-02 00:31:49,650 INFO  [log] The name is Redmi Note6 
2021-06-02 00:31:49,650 INFO  [log] name is Redmi Note6 -it is a valid item
2021-06-02 00:31:52,846 INFO  [log] FINISHED
2021-06-02 00:31:52,846 INFO  [log] 4843
2021-06-02 00:31:52,849 INFO  [log] 5
2021-06-02 00:31:55,060 INFO  [log] The name is Bat 
2021-06-02 00:31:55,061 INFO  [log] name is Bat -it is a valid item
2021-06-02 00:31:57,815 INFO  [log] FINISHED
2021-06-02 00:31:57,819 INFO  [log] 4886
2021-06-02 00:31:57,819 INFO  [log] 5
2021-06-02 00:31:59,248 INFO  [log] The name is Redmi Note1 
2021-06-02 00:31:59,248 INFO  [log] name is Redmi Note1 -it is a valid item
2021-06-02 00:32:02,153 INFO  [log] FINISHED
2021-06-02 00:32:02,154 INFO  [log] 4250
2021-06-02 00:32:02,159 INFO  [log] 5
